-------------------------------------------------------------------------------
Test set: com.handson.backend.ModernBackendApplicationTests
-------------------------------------------------------------------------------
Tests run: 1, Failures: 0, Errors: 1, Skipped: 0, Time elapsed: 1.883 s <<< FAILURE! - in com.handson.backend.ModernBackendApplicationTests
contextLoads  Time elapsed: 0.003 s  <<< ERROR!
java.lang.IllegalStateException: Failed to load ApplicationContext
Caused by: org.springframework.beans.factory.UnsatisfiedDependencyException: Error creating bean with name 'studentsController': Unsatisfied dependency expressed through field 'studentService'; nested exception is org.springframework.beans.factory.UnsatisfiedDependencyException: Error creating bean with name 'studentService' defined in file [/Users/danielvihorev/Documents/GitHub/modern-backend-meetup/target/classes/com/handson/backend/service/StudentService.class]: Unsatisfied dependency expressed through constructor parameter 0; nested exception is org.springframework.beans.factory.BeanCreationException: Error creating bean with name 'studentRepository' defined in com.handson.backend.repo.StudentRepository defined in @EnableJpaRepositories declared on JpaRepositoriesRegistrar.EnableJpaRepositoriesConfiguration: Invocation of init method failed; nested exception is org.springframework.data.repository.query.QueryCreationException: Could not create query for public abstract java.util.List com.handson.backend.repo.StudentRepository.getStudentWithSatHigherThan(java.lang.Integer)! Reason: Failed to create query for method public abstract java.util.List com.handson.backend.repo.StudentRepository.getStudentWithSatHigherThan(java.lang.Integer)! No property getStudentWithSatHigherThan found for type Student!; nested exception is java.lang.IllegalArgumentException: Failed to create query for method public abstract java.util.List com.handson.backend.repo.StudentRepository.getStudentWithSatHigherThan(java.lang.Integer)! No property getStudentWithSatHigherThan found for type Student!
Caused by: org.springframework.beans.factory.UnsatisfiedDependencyException: Error creating bean with name 'studentService' defined in file [/Users/danielvihorev/Documents/GitHub/modern-backend-meetup/target/classes/com/handson/backend/service/StudentService.class]: Unsatisfied dependency expressed through constructor parameter 0; nested exception is org.springframework.beans.factory.BeanCreationException: Error creating bean with name 'studentRepository' defined in com.handson.backend.repo.StudentRepository defined in @EnableJpaRepositories declared on JpaRepositoriesRegistrar.EnableJpaRepositoriesConfiguration: Invocation of init method failed; nested exception is org.springframework.data.repository.query.QueryCreationException: Could not create query for public abstract java.util.List com.handson.backend.repo.StudentRepository.getStudentWithSatHigherThan(java.lang.Integer)! Reason: Failed to create query for method public abstract java.util.List com.handson.backend.repo.StudentRepository.getStudentWithSatHigherThan(java.lang.Integer)! No property getStudentWithSatHigherThan found for type Student!; nested exception is java.lang.IllegalArgumentException: Failed to create query for method public abstract java.util.List com.handson.backend.repo.StudentRepository.getStudentWithSatHigherThan(java.lang.Integer)! No property getStudentWithSatHigherThan found for type Student!
Caused by: org.springframework.beans.factory.BeanCreationException: Error creating bean with name 'studentRepository' defined in com.handson.backend.repo.StudentRepository defined in @EnableJpaRepositories declared on JpaRepositoriesRegistrar.EnableJpaRepositoriesConfiguration: Invocation of init method failed; nested exception is org.springframework.data.repository.query.QueryCreationException: Could not create query for public abstract java.util.List com.handson.backend.repo.StudentRepository.getStudentWithSatHigherThan(java.lang.Integer)! Reason: Failed to create query for method public abstract java.util.List com.handson.backend.repo.StudentRepository.getStudentWithSatHigherThan(java.lang.Integer)! No property getStudentWithSatHigherThan found for type Student!; nested exception is java.lang.IllegalArgumentException: Failed to create query for method public abstract java.util.List com.handson.backend.repo.StudentRepository.getStudentWithSatHigherThan(java.lang.Integer)! No property getStudentWithSatHigherThan found for type Student!
Caused by: org.springframework.data.repository.query.QueryCreationException: Could not create query for public abstract java.util.List com.handson.backend.repo.StudentRepository.getStudentWithSatHigherThan(java.lang.Integer)! Reason: Failed to create query for method public abstract java.util.List com.handson.backend.repo.StudentRepository.getStudentWithSatHigherThan(java.lang.Integer)! No property getStudentWithSatHigherThan found for type Student!; nested exception is java.lang.IllegalArgumentException: Failed to create query for method public abstract java.util.List com.handson.backend.repo.StudentRepository.getStudentWithSatHigherThan(java.lang.Integer)! No property getStudentWithSatHigherThan found for type Student!
Caused by: java.lang.IllegalArgumentException: Failed to create query for method public abstract java.util.List com.handson.backend.repo.StudentRepository.getStudentWithSatHigherThan(java.lang.Integer)! No property getStudentWithSatHigherThan found for type Student!
Caused by: org.springframework.data.mapping.PropertyReferenceException: No property getStudentWithSatHigherThan found for type Student!

